00000000000i[      ] Bochs x86 Emulator 2.7
00000000000i[      ]   Built from SVN snapshot on August  1, 2021
00000000000i[      ]   Timestamp: Sun Aug  1 10:07:00 CEST 2021
00000000000i[      ] System configuration
00000000000i[      ]   processors: 1 (cores=1, HT threads=1)
00000000000i[      ]   A20 line support: yes
00000000000i[      ] IPS is set to 4000000
00000000000i[      ] CPU configuration
00000000000i[      ]   SMP support: yes, quantum=16
00000000000i[      ]   level: 6
00000000000i[      ]   APIC support: xapic
00000000000i[      ]   FPU support: yes
00000000000i[      ]   MMX support: yes
00000000000i[      ]   3dnow! support: yes
00000000000i[      ]   SEP support: yes
00000000000i[      ]   SIMD support: sse2
00000000000i[      ]   XSAVE support: no 
00000000000i[      ]   AES support: no
00000000000i[      ]   SHA support: no
00000000000i[      ]   MOVBE support: no
00000000000i[      ]   ADX support: no
00000000000i[      ]   x86-64 support: yes
00000000000i[      ]   1G paging support: no
00000000000i[      ]   MWAIT support: yes
00000000000i[      ] Optimization configuration
00000000000i[      ]   RepeatSpeedups support: no
00000000000i[      ]   Fast function calls: no
00000000000i[      ]   Handlers Chaining speedups: no
00000000000i[      ] Devices configuration
00000000000i[      ]   PCI support: i440FX i430FX i440BX
00000000000i[      ]   Networking: no
00000000000i[      ]   Sound support: no
00000000000i[      ]   USB support: UHCI
00000000000i[      ]   VGA extension support: vbe
00000000000i[IMG   ] Disk image modules
00000000000i[IMG   ]   flat concat sparse dll growing undoable volatile vmware3
00000000000i[IMG   ]   vmware4 vbox vpc vvfat
00000000000i[USBCTL] Pluggable USB devices
00000000000i[USBCTL]   floppy mouse tablet keypad keyboard hub disk cdrom
00000000000i[USBCTL]   printer
00000000000i[MEM0  ] allocated memory at 0x7c6d01ebd010. after alignment, vector=0x7c6d01ebe000
00000000000i[MEM0  ] 32.00MB
00000000000i[MEM0  ] mem block size = 0x00020000, blocks=256
00000000000p[MEM0  ] >>PANIC<< ROM: System BIOS must end at 0xfffff
00000000000i[CPU0  ] WARNING: 3DNow! is not implemented yet !
00000000000i[DEV   ] will paste characters every 100 iodev timer ticks
00000000000i[PLUGIN] init_dev of 'pci' plugin device by virtual method
00000000000i[DEV   ] i440FX PMC present at device 0, function 0
00000000000i[PLUGIN] init_dev of 'pci2isa' plugin device by virtual method
00000000000i[DEV   ] PIIX3 PCI-to-ISA bridge present at device 1, function 0
00000000000i[PLUGIN] init_dev of 'cmos' plugin device by virtual method
00000000000i[CMOS  ] Using local time for initial clock
00000000000i[CMOS  ] Setting initial clock to: Fri May 23 18:19:49 2025 (time0=1748038789)
00000000000i[PLUGIN] init_dev of 'dma' plugin device by virtual method
00000000000i[DMA   ] channel 4 used by cascade
00000000000i[PLUGIN] init_dev of 'pic' plugin device by virtual method
00000000000i[PLUGIN] init_dev of 'pit' plugin device by virtual method
00000000000i[PIT   ] PIT using realtime synchronisation method
00000000000i[PLUGIN] init_dev of 'vga' plugin device by virtual method
00000000000i[MEM0  ] Register memory access handlers: 0x0000000a0000 - 0x0000000bffff
00000000000i[VGA   ] interval=200000, mode=realtime
00000000000i[VGA   ] VSYNC using realtime mode
00000000000i[MEM0  ] Register memory access handlers: 0x0000e0000000 - 0x0000e0ffffff
00000000000i[BXVGA ] VBE Bochs Display Extension Enabled
00000000000i[MEM0  ] rom at 0xc0000/38400 ('/usr/share/bochs/VGABIOS-lgpl-latest')
00000000000i[PLUGIN] init_dev of 'floppy' plugin device by virtual method
00000000000i[DMA   ] channel 2 used by Floppy Drive
00000000000i[FLOPPY] fd0: 'build/main_floppy.img' ro=0, h=2,t=80,spt=18
00000000000i[FLOPPY] Using boot sequence floppy, none, none
00000000000i[FLOPPY] Floppy boot signature check is enabled
00000000000i[PLUGIN] init_dev of 'acpi' plugin device by virtual method
00000000000i[DEV   ] ACPI Controller present at device 1, function 3
00000000000i[PLUGIN] init_dev of 'hpet' plugin device by virtual method
00000000000i[HPET  ] initializing HPET
00000000000i[MEM0  ] Register memory access handlers: 0x0000fed00000 - 0x0000fed003ff
00000000000i[PLUGIN] init_dev of 'ioapic' plugin device by virtual method
00000000000i[IOAPIC] initializing I/O APIC
00000000000i[MEM0  ] Register memory access handlers: 0x0000fec00000 - 0x0000fec00fff
00000000000i[IOAPIC] IOAPIC enabled (base address = 0xfec00000)
00000000000i[PLUGIN] init_dev of 'keyboard' plugin device by virtual method
00000000000i[PLUGIN] init_dev of 'harddrv' plugin device by virtual method
00000000000i[PLUGIN] init_dev of 'pci_ide' plugin device by virtual method
00000000000i[DEV   ] PIIX3 PCI IDE controller present at device 1, function 1
00000000000i[PLUGIN] init_dev of 'unmapped' plugin device by virtual method
00000000000i[PLUGIN] init_dev of 'biosdev' plugin device by virtual method
00000000000i[PLUGIN] init_dev of 'speaker' plugin device by virtual method
00000000000e[PCSPK ] Failed to open /dev/console: Permission denied
00000000000e[PCSPK ] Deactivating beep on console
00000000000i[PLUGIN] init_dev of 'extfpuirq' plugin device by virtual method
00000000000i[PLUGIN] init_dev of 'parallel' plugin device by virtual method
00000000000i[PAR   ] parallel port 1 at 0x0378 irq 7
00000000000i[PLUGIN] init_dev of 'serial' plugin device by virtual method
00000000000i[SER   ] com1 at 0x03f8 irq 4 (mode: null)
00000000000i[PLUGIN] init_dev of 'iodebug' plugin device by virtual method
00000000000i[PLUGIN] init_dev of 'usb_uhci' plugin device by virtual method
00000000000i[DEV   ] USB UHCI present at device 1, function 2
00000000000i[UHCI  ] USB UHCI initialized
00000000000i[PLUGIN] register state of 'pci' plugin device by virtual method
00000000000i[PLUGIN] register state of 'pci2isa' plugin device by virtual method
00000000000i[PLUGIN] register state of 'cmos' plugin device by virtual method
00000000000i[PLUGIN] register state of 'dma' plugin device by virtual method
00000000000i[PLUGIN] register state of 'pic' plugin device by virtual method
00000000000i[PLUGIN] register state of 'pit' plugin device by virtual method
00000000000i[PLUGIN] register state of 'vga' plugin device by virtual method
00000000000i[PLUGIN] register state of 'floppy' plugin device by virtual method
00000000000i[PLUGIN] register state of 'unmapped' plugin device by virtual method
00000000000i[PLUGIN] register state of 'biosdev' plugin device by virtual method
00000000000i[PLUGIN] register state of 'speaker' plugin device by virtual method
00000000000i[PLUGIN] register state of 'extfpuirq' plugin device by virtual method
00000000000i[PLUGIN] register state of 'parallel' plugin device by virtual method
00000000000i[PLUGIN] register state of 'serial' plugin device by virtual method
00000000000i[PLUGIN] register state of 'iodebug' plugin device by virtual method
00000000000i[PLUGIN] register state of 'usb_uhci' plugin device by virtual method
00000000000i[PLUGIN] register state of 'acpi' plugin device by virtual method
00000000000i[PLUGIN] register state of 'hpet' plugin device by virtual method
00000000000i[PLUGIN] register state of 'ioapic' plugin device by virtual method
00000000000i[PLUGIN] register state of 'keyboard' plugin device by virtual method
00000000000i[PLUGIN] register state of 'harddrv' plugin device by virtual method
00000000000i[PLUGIN] register state of 'pci_ide' plugin device by virtual method
00000000000i[SYS   ] bx_pc_system_c::Reset(HARDWARE) called
00000000000i[CPU0  ] cpu hardware reset
00000000000i[APIC0 ] allocate APIC id=0 (MMIO enabled) to 0x0000fee00000
00000000000i[CPU0  ] CPU[0] is the bootstrap processor
00000000000i[CPU0  ] CPUID[0x00000000]: 00000005 68747541 444d4163 69746e65
00000000000i[CPU0  ] CPUID[0x00000001]: 00000633 00010800 00002008 17cbfbff
00000000000i[CPU0  ] CPUID[0x00000002]: 00000000 00000000 00000000 00000000
00000000000i[CPU0  ] CPUID[0x00000003]: 00000000 00000000 00000000 00000000
00000000000i[CPU0  ] CPUID[0x00000004]: 00000000 00000000 00000000 00000000
00000000000i[CPU0  ] CPUID[0x00000005]: 00000040 00000040 00000003 00000020
00000000000i[CPU0  ] CPUID[0x80000000]: 80000008 68747541 444d4163 69746e65
00000000000i[CPU0  ] CPUID[0x80000001]: 00000633 00000000 00000101 ebd3f3ff
00000000000i[CPU0  ] CPUID[0x80000002]: 20444d41 6c687441 74286e6f 7020296d
00000000000i[CPU0  ] CPUID[0x80000003]: 65636f72 726f7373 00000000 00000000
00000000000i[CPU0  ] CPUID[0x80000004]: 00000000 00000000 00000000 00000000
00000000000i[CPU0  ] CPUID[0x80000005]: 01ff01ff 01ff01ff 40020140 40020140
00000000000i[CPU0  ] CPUID[0x80000006]: 00000000 42004200 02008140 00000000
00000000000i[CPU0  ] CPUID[0x80000007]: 00000000 00000000 00000000 00000000
00000000000i[CPU0  ] CPUID[0x80000008]: 00003028 00000000 00000000 00000000
00000000000i[CPU0  ] CPU Features supported:
00000000000i[CPU0  ] 		x87
00000000000i[CPU0  ] 		486ni
00000000000i[CPU0  ] 		pentium_ni
00000000000i[CPU0  ] 		p6ni
00000000000i[CPU0  ] 		mmx
00000000000i[CPU0  ] 		3dnow!
00000000000i[CPU0  ] 		debugext
00000000000i[CPU0  ] 		vme
00000000000i[CPU0  ] 		pse
00000000000i[CPU0  ] 		pae
00000000000i[CPU0  ] 		pge
00000000000i[CPU0  ] 		pse36
00000000000i[CPU0  ] 		mtrr
00000000000i[CPU0  ] 		pat
00000000000i[CPU0  ] 		sysenter_sysexit
00000000000i[CPU0  ] 		clflush
00000000000i[CPU0  ] 		sse
00000000000i[CPU0  ] 		sse2
00000000000i[CPU0  ] 		mwait
00000000000i[CPU0  ] 		longmode
00000000000i[CPU0  ] 		lm_lahf_sahf
00000000000i[CPU0  ] 		nx
00000000000i[CPU0  ] 		cmpxhg16b
00000000000i[CPU0  ] 		rdtscp
00000000000i[CPU0  ] 		ffxsr
00000000000i[CPU0  ] 		xapic
00000000000i[PLUGIN] reset of 'pci' plugin device by virtual method
00000000000i[PLUGIN] reset of 'pci2isa' plugin device by virtual method
00000000000i[PLUGIN] reset of 'cmos' plugin device by virtual method
00000000000i[PLUGIN] reset of 'dma' plugin device by virtual method
00000000000i[PLUGIN] reset of 'pic' plugin device by virtual method
00000000000i[PLUGIN] reset of 'pit' plugin device by virtual method
00000000000i[PLUGIN] reset of 'vga' plugin device by virtual method
00000000000i[PLUGIN] reset of 'floppy' plugin device by virtual method
00000000000i[PLUGIN] reset of 'acpi' plugin device by virtual method
00000000000i[PLUGIN] reset of 'hpet' plugin device by virtual method
00000000000i[PLUGIN] reset of 'ioapic' plugin device by virtual method
00000000000i[PLUGIN] reset of 'keyboard' plugin device by virtual method
00000000000i[PLUGIN] reset of 'harddrv' plugin device by virtual method
00000000000i[PLUGIN] reset of 'pci_ide' plugin device by virtual method
00000000000i[PLUGIN] reset of 'unmapped' plugin device by virtual method
00000000000i[PLUGIN] reset of 'biosdev' plugin device by virtual method
00000000000i[PLUGIN] reset of 'speaker' plugin device by virtual method
00000000000i[PLUGIN] reset of 'extfpuirq' plugin device by virtual method
00000000000i[PLUGIN] reset of 'parallel' plugin device by virtual method
00000000000i[PLUGIN] reset of 'serial' plugin device by virtual method
00000000000i[PLUGIN] reset of 'iodebug' plugin device by virtual method
00000000000i[PLUGIN] reset of 'usb_uhci' plugin device by virtual method
00000000000i[      ] set SIGINT handler to bx_debug_ctrlc_handler
00000163455e[DEV   ] read from port 0x0000 with len 2 returns 0xffff
00000310625e[CPU0  ] prefetch: EIP [00010000] > CS.limit [0000ffff]
00000343389e[CPU0  ] prefetch: EIP [00010000] > CS.limit [0000ffff]
00000376151e[CPU0  ] prefetch: EIP [00010000] > CS.limit [0000ffff]
00000408914e[CPU0  ] prefetch: EIP [00010000] > CS.limit [0000ffff]
00000441676e[CPU0  ] prefetch: EIP [00010000] > CS.limit [0000ffff]
00000474437e[CPU0  ] prefetch: EIP [00010000] > CS.limit [0000ffff]
00000507197e[CPU0  ] prefetch: EIP [00010000] > CS.limit [0000ffff]
00000539957e[CPU0  ] prefetch: EIP [00010000] > CS.limit [0000ffff]
00000572718e[CPU0  ] prefetch: EIP [00010000] > CS.limit [0000ffff]
00000605479e[CPU0  ] prefetch: EIP [00010000] > CS.limit [0000ffff]
00000638239e[CPU0  ] prefetch: EIP [00010000] > CS.limit [0000ffff]
00000670998e[CPU0  ] prefetch: EIP [00010000] > CS.limit [0000ffff]
00000703757e[CPU0  ] prefetch: EIP [00010000] > CS.limit [0000ffff]
00000736516e[CPU0  ] prefetch: EIP [00010000] > CS.limit [0000ffff]
00000769275e[CPU0  ] prefetch: EIP [00010000] > CS.limit [0000ffff]
00000802033e[CPU0  ] prefetch: EIP [00010000] > CS.limit [0000ffff]
00000834790e[CPU0  ] prefetch: EIP [00010000] > CS.limit [0000ffff]
00000867547e[CPU0  ] prefetch: EIP [00010000] > CS.limit [0000ffff]
00000900303e[CPU0  ] prefetch: EIP [00010000] > CS.limit [0000ffff]
00000933058e[CPU0  ] prefetch: EIP [00010000] > CS.limit [0000ffff]
00000965813e[CPU0  ] prefetch: EIP [00010000] > CS.limit [0000ffff]
00000998568e[CPU0  ] prefetch: EIP [00010000] > CS.limit [0000ffff]
00001031323e[CPU0  ] prefetch: EIP [00010000] > CS.limit [0000ffff]
00001064077e[CPU0  ] prefetch: EIP [00010000] > CS.limit [0000ffff]
00001096831e[CPU0  ] prefetch: EIP [00010000] > CS.limit [0000ffff]
00001129584e[CPU0  ] prefetch: EIP [00010000] > CS.limit [0000ffff]
00001162337e[CPU0  ] prefetch: EIP [00010000] > CS.limit [0000ffff]
00001195089e[CPU0  ] prefetch: EIP [00010000] > CS.limit [0000ffff]
00001227841e[CPU0  ] prefetch: EIP [00010000] > CS.limit [0000ffff]
00001260592e[CPU0  ] prefetch: EIP [00010000] > CS.limit [0000ffff]
00001293342e[CPU0  ] prefetch: EIP [00010000] > CS.limit [0000ffff]
00001326091e[CPU0  ] prefetch: EIP [00010000] > CS.limit [0000ffff]
00001358840e[CPU0  ] prefetch: EIP [00010000] > CS.limit [0000ffff]
00001391589e[CPU0  ] prefetch: EIP [00010000] > CS.limit [0000ffff]
00001424337e[CPU0  ] prefetch: EIP [00010000] > CS.limit [0000ffff]
00001457085e[CPU0  ] prefetch: EIP [00010000] > CS.limit [0000ffff]
00001489832e[CPU0  ] prefetch: EIP [00010000] > CS.limit [0000ffff]
00001522579e[CPU0  ] prefetch: EIP [00010000] > CS.limit [0000ffff]
00001555326e[CPU0  ] prefetch: EIP [00010000] > CS.limit [0000ffff]
00001588071e[CPU0  ] prefetch: EIP [00010000] > CS.limit [0000ffff]
00001620817e[CPU0  ] prefetch: EIP [00010000] > CS.limit [0000ffff]
00001653562e[CPU0  ] prefetch: EIP [00010000] > CS.limit [0000ffff]
00001686307e[CPU0  ] prefetch: EIP [00010000] > CS.limit [0000ffff]
00001719052e[CPU0  ] prefetch: EIP [00010000] > CS.limit [0000ffff]
00001751796e[CPU0  ] prefetch: EIP [00010000] > CS.limit [0000ffff]
00001784540e[CPU0  ] prefetch: EIP [00010000] > CS.limit [0000ffff]
00001817283e[CPU0  ] prefetch: EIP [00010000] > CS.limit [0000ffff]
00001850024e[CPU0  ] prefetch: EIP [00010000] > CS.limit [0000ffff]
00001882766e[CPU0  ] prefetch: EIP [00010000] > CS.limit [0000ffff]
00001915508e[CPU0  ] prefetch: EIP [00010000] > CS.limit [0000ffff]
00001948249e[CPU0  ] prefetch: EIP [00010000] > CS.limit [0000ffff]
00001980990e[CPU0  ] prefetch: EIP [00010000] > CS.limit [0000ffff]
00002013731e[CPU0  ] prefetch: EIP [00010000] > CS.limit [0000ffff]
00002046471e[CPU0  ] prefetch: EIP [00010000] > CS.limit [0000ffff]
00002079210e[CPU0  ] prefetch: EIP [00010000] > CS.limit [0000ffff]
00002111947e[CPU0  ] prefetch: EIP [00010000] > CS.limit [0000ffff]
00002144685e[CPU0  ] prefetch: EIP [00010000] > CS.limit [0000ffff]
00002177423e[CPU0  ] prefetch: EIP [00010000] > CS.limit [0000ffff]
00002210160e[CPU0  ] prefetch: EIP [00010000] > CS.limit [0000ffff]
00002242896e[CPU0  ] prefetch: EIP [00010000] > CS.limit [0000ffff]
00002275631e[CPU0  ] prefetch: EIP [00010000] > CS.limit [0000ffff]
00002308365e[CPU0  ] prefetch: EIP [00010000] > CS.limit [0000ffff]
00002341099e[CPU0  ] prefetch: EIP [00010000] > CS.limit [0000ffff]
00002373832e[CPU0  ] prefetch: EIP [00010000] > CS.limit [0000ffff]
00002406566e[CPU0  ] prefetch: EIP [00010000] > CS.limit [0000ffff]
00002439300e[CPU0  ] prefetch: EIP [00010000] > CS.limit [0000ffff]
00002472034e[CPU0  ] prefetch: EIP [00010000] > CS.limit [0000ffff]
00002504768e[CPU0  ] prefetch: EIP [00010000] > CS.limit [0000ffff]
00002537502e[CPU0  ] prefetch: EIP [00010000] > CS.limit [0000ffff]
00002570235e[CPU0  ] prefetch: EIP [00010000] > CS.limit [0000ffff]
00002602967e[CPU0  ] prefetch: EIP [00010000] > CS.limit [0000ffff]
00002635697e[CPU0  ] prefetch: EIP [00010000] > CS.limit [0000ffff]
00002668427e[CPU0  ] prefetch: EIP [00010000] > CS.limit [0000ffff]
00002701156e[CPU0  ] prefetch: EIP [00010000] > CS.limit [0000ffff]
00002733884e[CPU0  ] prefetch: EIP [00010000] > CS.limit [0000ffff]
00002766611e[CPU0  ] prefetch: EIP [00010000] > CS.limit [0000ffff]
00002799338e[CPU0  ] prefetch: EIP [00010000] > CS.limit [0000ffff]
00002832065e[CPU0  ] prefetch: EIP [00010000] > CS.limit [0000ffff]
00002864792e[CPU0  ] prefetch: EIP [00010000] > CS.limit [0000ffff]
00002897518e[CPU0  ] prefetch: EIP [00010000] > CS.limit [0000ffff]
00002930245e[CPU0  ] prefetch: EIP [00010000] > CS.limit [0000ffff]
00002962972e[CPU0  ] prefetch: EIP [00010000] > CS.limit [0000ffff]
00002995699e[CPU0  ] prefetch: EIP [00010000] > CS.limit [0000ffff]
00003028425e[CPU0  ] prefetch: EIP [00010000] > CS.limit [0000ffff]
00003061150e[CPU0  ] prefetch: EIP [00010000] > CS.limit [0000ffff]
00003093874e[CPU0  ] prefetch: EIP [00010000] > CS.limit [0000ffff]
00003126597e[CPU0  ] prefetch: EIP [00010000] > CS.limit [0000ffff]
00003159320e[CPU0  ] prefetch: EIP [00010000] > CS.limit [0000ffff]
00003192043e[CPU0  ] prefetch: EIP [00010000] > CS.limit [0000ffff]
00003224766e[CPU0  ] prefetch: EIP [00010000] > CS.limit [0000ffff]
00003257488e[CPU0  ] prefetch: EIP [00010000] > CS.limit [0000ffff]
00003290209e[CPU0  ] prefetch: EIP [00010000] > CS.limit [0000ffff]
00003322929e[CPU0  ] prefetch: EIP [00010000] > CS.limit [0000ffff]
00003355649e[CPU0  ] prefetch: EIP [00010000] > CS.limit [0000ffff]
00003577289e[CPU0  ] prefetch: EIP [00010000] > CS.limit [0000ffff]
00003610004e[CPU0  ] prefetch: EIP [00010000] > CS.limit [0000ffff]
00003642719e[CPU0  ] prefetch: EIP [00010000] > CS.limit [0000ffff]
00003708004e[CPU0  ] prefetch: EIP [00010000] > CS.limit [0000ffff]
00003740717e[CPU0  ] prefetch: EIP [00010000] > CS.limit [0000ffff]
00003773429e[CPU0  ] prefetch: EIP [00010000] > CS.limit [0000ffff]
00003806141e[CPU0  ] prefetch: EIP [00010000] > CS.limit [0000ffff]
00003838852e[CPU0  ] prefetch: EIP [00010000] > CS.limit [0000ffff]
00003960926e[CPU0  ] prefetch: EIP [00010000] > CS.limit [0000ffff]
00004026198e[CPU0  ] prefetch: EIP [00010000] > CS.limit [0000ffff]
00004058905e[CPU0  ] prefetch: EIP [00010000] > CS.limit [0000ffff]
00011897548i[CPU0  ] math_abort: MSDOS compatibility FPU exception
00011930058i[CPU0  ] math_abort: MSDOS compatibility FPU exception
00011962561i[CPU0  ] math_abort: MSDOS compatibility FPU exception
00011984451i[CPU0  ] math_abort: MSDOS compatibility FPU exception
00011990840i[CPU0  ] math_abort: MSDOS compatibility FPU exception
00011995053i[CPU0  ] math_abort: MSDOS compatibility FPU exception
00011996311i[CPU0  ] math_abort: MSDOS compatibility FPU exception
00012005147i[CPU0  ] math_abort: MSDOS compatibility FPU exception
00012022749i[CPU0  ] math_abort: MSDOS compatibility FPU exception
00012032756i[CPU0  ] math_abort: MSDOS compatibility FPU exception
00012041592i[CPU0  ] math_abort: MSDOS compatibility FPU exception
00012050689e[DEV   ] read from port 0x0000 with len 2 returns 0xffff
00012051026i[CPU0  ] math_abort: MSDOS compatibility FPU exception
00085092000i[KBD   ] internal keyboard buffer full, ignoring scancode.(5b)
00092636000i[KBD   ] internal keyboard buffer full, ignoring scancode.(e0)
00092636000i[KBD   ] internal keyboard buffer full, ignoring scancode.(5b)
00100032000i[KBD   ] internal keyboard buffer full, ignoring scancode.(e0)
00100032000i[KBD   ] internal keyboard buffer full, ignoring scancode.(5b)
00107304000i[KBD   ] internal keyboard buffer full, ignoring scancode.(e0)
00107304000i[KBD   ] internal keyboard buffer full, ignoring scancode.(5b)
00115156000i[KBD   ] internal keyboard buffer full, ignoring scancode.(e0)
00115156000i[KBD   ] internal keyboard buffer full, ignoring scancode.(5b)
00123380000i[KBD   ] internal keyboard buffer full, ignoring scancode.(e0)
00123380000i[KBD   ] internal keyboard buffer full, ignoring scancode.(5b)
00131468000i[KBD   ] internal keyboard buffer full, ignoring scancode.(e0)
00131468000i[KBD   ] internal keyboard buffer full, ignoring scancode.(5b)
00139712000i[KBD   ] internal keyboard buffer full, ignoring scancode.(e0)
00139712000i[KBD   ] internal keyboard buffer full, ignoring scancode.(5b)
00148016000i[KBD   ] internal keyboard buffer full, ignoring scancode.(e0)
00148016000i[KBD   ] internal keyboard buffer full, ignoring scancode.(5b)
00156152000i[KBD   ] internal keyboard buffer full, ignoring scancode.(e0)
00156152000i[KBD   ] internal keyboard buffer full, ignoring scancode.(5b)
00164424000i[KBD   ] internal keyboard buffer full, ignoring scancode.(e0)
00164424000i[KBD   ] internal keyboard buffer full, ignoring scancode.(5b)
00172708000i[KBD   ] internal keyboard buffer full, ignoring scancode.(e0)
00172708000i[KBD   ] internal keyboard buffer full, ignoring scancode.(5b)
00181020000i[KBD   ] internal keyboard buffer full, ignoring scancode.(e0)
00181020000i[KBD   ] internal keyboard buffer full, ignoring scancode.(5b)
00189416000i[KBD   ] internal keyboard buffer full, ignoring scancode.(e0)
00189416000i[KBD   ] internal keyboard buffer full, ignoring scancode.(5b)
00197764000i[KBD   ] internal keyboard buffer full, ignoring scancode.(e0)
00197764000i[KBD   ] internal keyboard buffer full, ignoring scancode.(5b)
00206264000i[KBD   ] internal keyboard buffer full, ignoring scancode.(e0)
00206264000i[KBD   ] internal keyboard buffer full, ignoring scancode.(5b)
00214596000i[KBD   ] internal keyboard buffer full, ignoring scancode.(e0)
00214596000i[KBD   ] internal keyboard buffer full, ignoring scancode.(5b)
00223068000i[KBD   ] internal keyboard buffer full, ignoring scancode.(e0)
00223068000i[KBD   ] internal keyboard buffer full, ignoring scancode.(5b)
00231568000i[KBD   ] internal keyboard buffer full, ignoring scancode.(e0)
00231568000i[KBD   ] internal keyboard buffer full, ignoring scancode.(5b)
00240044000i[KBD   ] internal keyboard buffer full, ignoring scancode.(e0)
00240044000i[KBD   ] internal keyboard buffer full, ignoring scancode.(5b)
00248376000i[KBD   ] internal keyboard buffer full, ignoring scancode.(e0)
00248376000i[KBD   ] internal keyboard buffer full, ignoring scancode.(5b)
00256844000i[KBD   ] internal keyboard buffer full, ignoring scancode.(e0)
00256844000i[KBD   ] internal keyboard buffer full, ignoring scancode.(5b)
00265212000i[KBD   ] internal keyboard buffer full, ignoring scancode.(e0)
00265212000i[KBD   ] internal keyboard buffer full, ignoring scancode.(5b)
00273576000i[KBD   ] internal keyboard buffer full, ignoring scancode.(e0)
00273576000i[KBD   ] internal keyboard buffer full, ignoring scancode.(5b)
00282008000i[KBD   ] internal keyboard buffer full, ignoring scancode.(e0)
00282008000i[KBD   ] internal keyboard buffer full, ignoring scancode.(5b)
00288312000i[FLOPPY] fd0: 'build/main_floppy.img' ro=0, h=2,t=80,spt=18
00290404000i[KBD   ] internal keyboard buffer full, ignoring scancode.(e0)
00290404000i[KBD   ] internal keyboard buffer full, ignoring scancode.(5b)
00298676000i[KBD   ] internal keyboard buffer full, ignoring scancode.(e0)
00298676000i[KBD   ] internal keyboard buffer full, ignoring scancode.(5b)
00306876000i[KBD   ] internal keyboard buffer full, ignoring scancode.(e0)
00306876000i[KBD   ] internal keyboard buffer full, ignoring scancode.(5b)
00315328000i[KBD   ] internal keyboard buffer full, ignoring scancode.(e0)
00315328000i[KBD   ] internal keyboard buffer full, ignoring scancode.(5b)
00323316000i[KBD   ] internal keyboard buffer full, ignoring scancode.(e0)
00323316000i[KBD   ] internal keyboard buffer full, ignoring scancode.(5b)
00331256000i[KBD   ] internal keyboard buffer full, ignoring scancode.(e0)
00331256000i[KBD   ] internal keyboard buffer full, ignoring scancode.(5b)
00339512000i[KBD   ] internal keyboard buffer full, ignoring scancode.(e0)
00339512000i[KBD   ] internal keyboard buffer full, ignoring scancode.(5b)
00347772000i[KBD   ] internal keyboard buffer full, ignoring scancode.(e0)
00347772000i[KBD   ] internal keyboard buffer full, ignoring scancode.(5b)
00356016000i[KBD   ] internal keyboard buffer full, ignoring scancode.(e0)
00356016000i[KBD   ] internal keyboard buffer full, ignoring scancode.(5b)
00364444000i[KBD   ] internal keyboard buffer full, ignoring scancode.(e0)
00364444000i[KBD   ] internal keyboard buffer full, ignoring scancode.(5b)
00372880000i[KBD   ] internal keyboard buffer full, ignoring scancode.(e0)
00372880000i[KBD   ] internal keyboard buffer full, ignoring scancode.(5b)
00379900000i[KBD   ] internal keyboard buffer full, ignoring scancode.(e0)
00379900000i[KBD   ] internal keyboard buffer full, ignoring scancode.(5b)
00387684000i[KBD   ] internal keyboard buffer full, ignoring scancode.(e0)
00387684000i[KBD   ] internal keyboard buffer full, ignoring scancode.(5b)
00395800000i[KBD   ] internal keyboard buffer full, ignoring scancode.(e0)
00395800000i[KBD   ] internal keyboard buffer full, ignoring scancode.(5b)
00403932000i[KBD   ] internal keyboard buffer full, ignoring scancode.(e0)
00403932000i[KBD   ] internal keyboard buffer full, ignoring scancode.(5b)
00411956000i[KBD   ] internal keyboard buffer full, ignoring scancode.(e0)
00411956000i[KBD   ] internal keyboard buffer full, ignoring scancode.(5b)
00420048000i[KBD   ] internal keyboard buffer full, ignoring scancode.(e0)
00420048000i[KBD   ] internal keyboard buffer full, ignoring scancode.(5b)
00428060000i[KBD   ] internal keyboard buffer full, ignoring scancode.(e0)
00428060000i[KBD   ] internal keyboard buffer full, ignoring scancode.(5b)
00436196000i[KBD   ] internal keyboard buffer full, ignoring scancode.(e0)
00436196000i[KBD   ] internal keyboard buffer full, ignoring scancode.(5b)
00444556000i[KBD   ] internal keyboard buffer full, ignoring scancode.(e0)
00444556000i[KBD   ] internal keyboard buffer full, ignoring scancode.(5b)
00453036000i[KBD   ] internal keyboard buffer full, ignoring scancode.(e0)
00453036000i[KBD   ] internal keyboard buffer full, ignoring scancode.(5b)
00461224000i[KBD   ] internal keyboard buffer full, ignoring scancode.(e0)
00461224000i[KBD   ] internal keyboard buffer full, ignoring scancode.(5b)
00469672000i[KBD   ] internal keyboard buffer full, ignoring scancode.(e0)
00469672000i[KBD   ] internal keyboard buffer full, ignoring scancode.(5b)
00478160000i[KBD   ] internal keyboard buffer full, ignoring scancode.(e0)
00478160000i[KBD   ] internal keyboard buffer full, ignoring scancode.(5b)
00486500000i[KBD   ] internal keyboard buffer full, ignoring scancode.(e0)
00486500000i[KBD   ] internal keyboard buffer full, ignoring scancode.(5b)
00495008000i[KBD   ] internal keyboard buffer full, ignoring scancode.(e0)
00495008000i[KBD   ] internal keyboard buffer full, ignoring scancode.(5b)
00503528000i[KBD   ] internal keyboard buffer full, ignoring scancode.(e0)
00503528000i[KBD   ] internal keyboard buffer full, ignoring scancode.(5b)
00511788000i[KBD   ] internal keyboard buffer full, ignoring scancode.(e0)
00511788000i[KBD   ] internal keyboard buffer full, ignoring scancode.(5b)
00520196000i[KBD   ] internal keyboard buffer full, ignoring scancode.(e0)
00520196000i[KBD   ] internal keyboard buffer full, ignoring scancode.(5b)
00528696000i[KBD   ] internal keyboard buffer full, ignoring scancode.(e0)
00528696000i[KBD   ] internal keyboard buffer full, ignoring scancode.(5b)
00537088000i[KBD   ] internal keyboard buffer full, ignoring scancode.(e0)
00537088000i[KBD   ] internal keyboard buffer full, ignoring scancode.(5b)
00545580000i[KBD   ] internal keyboard buffer full, ignoring scancode.(e0)
00545580000i[KBD   ] internal keyboard buffer full, ignoring scancode.(5b)
00553988000i[KBD   ] internal keyboard buffer full, ignoring scancode.(e0)
00553988000i[KBD   ] internal keyboard buffer full, ignoring scancode.(5b)
00562332000i[KBD   ] internal keyboard buffer full, ignoring scancode.(e0)
00562332000i[KBD   ] internal keyboard buffer full, ignoring scancode.(5b)
00570848000i[KBD   ] internal keyboard buffer full, ignoring scancode.(e0)
00570848000i[KBD   ] internal keyboard buffer full, ignoring scancode.(5b)
00579360000i[KBD   ] internal keyboard buffer full, ignoring scancode.(e0)
00579360000i[KBD   ] internal keyboard buffer full, ignoring scancode.(5b)
00587740000i[KBD   ] internal keyboard buffer full, ignoring scancode.(e0)
00587740000i[KBD   ] internal keyboard buffer full, ignoring scancode.(5b)
00596080000i[KBD   ] internal keyboard buffer full, ignoring scancode.(e0)
00596080000i[KBD   ] internal keyboard buffer full, ignoring scancode.(5b)
00604604000i[KBD   ] internal keyboard buffer full, ignoring scancode.(e0)
00604604000i[KBD   ] internal keyboard buffer full, ignoring scancode.(5b)
00613124000i[KBD   ] internal keyboard buffer full, ignoring scancode.(e0)
00613124000i[KBD   ] internal keyboard buffer full, ignoring scancode.(5b)
00621440000i[KBD   ] internal keyboard buffer full, ignoring scancode.(e0)
00621440000i[KBD   ] internal keyboard buffer full, ignoring scancode.(5b)
00629812000i[KBD   ] internal keyboard buffer full, ignoring scancode.(e0)
00629812000i[KBD   ] internal keyboard buffer full, ignoring scancode.(5b)
00638236000i[KBD   ] internal keyboard buffer full, ignoring scancode.(e0)
00638236000i[KBD   ] internal keyboard buffer full, ignoring scancode.(5b)
00646472000i[KBD   ] internal keyboard buffer full, ignoring scancode.(e0)
00646472000i[KBD   ] internal keyboard buffer full, ignoring scancode.(5b)
00654988000i[KBD   ] internal keyboard buffer full, ignoring scancode.(e0)
00654988000i[KBD   ] internal keyboard buffer full, ignoring scancode.(5b)
00663416000i[KBD   ] internal keyboard buffer full, ignoring scancode.(e0)
00663416000i[KBD   ] internal keyboard buffer full, ignoring scancode.(5b)
00671656000i[KBD   ] internal keyboard buffer full, ignoring scancode.(e0)
00671656000i[KBD   ] internal keyboard buffer full, ignoring scancode.(5b)
00679932000i[KBD   ] internal keyboard buffer full, ignoring scancode.(e0)
00679932000i[KBD   ] internal keyboard buffer full, ignoring scancode.(5b)
00688220000i[KBD   ] internal keyboard buffer full, ignoring scancode.(e0)
00688220000i[KBD   ] internal keyboard buffer full, ignoring scancode.(5b)
00696440000i[KBD   ] internal keyboard buffer full, ignoring scancode.(e0)
00696440000i[KBD   ] internal keyboard buffer full, ignoring scancode.(5b)
00704656000i[KBD   ] internal keyboard buffer full, ignoring scancode.(e0)
00704656000i[KBD   ] internal keyboard buffer full, ignoring scancode.(5b)
00712992000i[KBD   ] internal keyboard buffer full, ignoring scancode.(e0)
00712992000i[KBD   ] internal keyboard buffer full, ignoring scancode.(5b)
00721236000i[KBD   ] internal keyboard buffer full, ignoring scancode.(e0)
00721236000i[KBD   ] internal keyboard buffer full, ignoring scancode.(5b)
00729288000i[KBD   ] internal keyboard buffer full, ignoring scancode.(e0)
00729288000i[KBD   ] internal keyboard buffer full, ignoring scancode.(5b)
00737436000i[KBD   ] internal keyboard buffer full, ignoring scancode.(e0)
00737436000i[KBD   ] internal keyboard buffer full, ignoring scancode.(5b)
00745768000i[KBD   ] internal keyboard buffer full, ignoring scancode.(e0)
00745768000i[KBD   ] internal keyboard buffer full, ignoring scancode.(5b)
00753980000i[KBD   ] internal keyboard buffer full, ignoring scancode.(e0)
00753980000i[KBD   ] internal keyboard buffer full, ignoring scancode.(5b)
00762196000i[KBD   ] internal keyboard buffer full, ignoring scancode.(e0)
00762196000i[KBD   ] internal keyboard buffer full, ignoring scancode.(5b)
00770488000i[KBD   ] internal keyboard buffer full, ignoring scancode.(e0)
00770488000i[KBD   ] internal keyboard buffer full, ignoring scancode.(5b)
00778708000i[KBD   ] internal keyboard buffer full, ignoring scancode.(e0)
00778708000i[KBD   ] internal keyboard buffer full, ignoring scancode.(5b)
00786984000i[KBD   ] internal keyboard buffer full, ignoring scancode.(e0)
00786984000i[KBD   ] internal keyboard buffer full, ignoring scancode.(5b)
00795212000i[KBD   ] internal keyboard buffer full, ignoring scancode.(e0)
00795212000i[KBD   ] internal keyboard buffer full, ignoring scancode.(5b)
00803532000i[KBD   ] internal keyboard buffer full, ignoring scancode.(e0)
00803532000i[KBD   ] internal keyboard buffer full, ignoring scancode.(5b)
00812040000i[KBD   ] internal keyboard buffer full, ignoring scancode.(e0)
00812040000i[KBD   ] internal keyboard buffer full, ignoring scancode.(5b)
00820540000i[KBD   ] internal keyboard buffer full, ignoring scancode.(e0)
00820540000i[KBD   ] internal keyboard buffer full, ignoring scancode.(5b)
00828856000i[KBD   ] internal keyboard buffer full, ignoring scancode.(e0)
00828856000i[KBD   ] internal keyboard buffer full, ignoring scancode.(5b)
00837320000i[KBD   ] internal keyboard buffer full, ignoring scancode.(e0)
00837320000i[KBD   ] internal keyboard buffer full, ignoring scancode.(5b)
00845764000i[KBD   ] internal keyboard buffer full, ignoring scancode.(e0)
00845764000i[KBD   ] internal keyboard buffer full, ignoring scancode.(5b)
00853952000i[KBD   ] internal keyboard buffer full, ignoring scancode.(e0)
00853952000i[KBD   ] internal keyboard buffer full, ignoring scancode.(5b)
00862404000i[KBD   ] internal keyboard buffer full, ignoring scancode.(e0)
00862404000i[KBD   ] internal keyboard buffer full, ignoring scancode.(5b)
00870748000i[KBD   ] internal keyboard buffer full, ignoring scancode.(e0)
00870748000i[KBD   ] internal keyboard buffer full, ignoring scancode.(5b)
00878920000i[KBD   ] internal keyboard buffer full, ignoring scancode.(e0)
00878920000i[KBD   ] internal keyboard buffer full, ignoring scancode.(5b)
00887236000i[KBD   ] internal keyboard buffer full, ignoring scancode.(e0)
00887236000i[KBD   ] internal keyboard buffer full, ignoring scancode.(5b)
00895640000i[KBD   ] internal keyboard buffer full, ignoring scancode.(e0)
00895640000i[KBD   ] internal keyboard buffer full, ignoring scancode.(5b)
00904060000i[KBD   ] internal keyboard buffer full, ignoring scancode.(e0)
00904060000i[KBD   ] internal keyboard buffer full, ignoring scancode.(5b)
00912284000i[KBD   ] internal keyboard buffer full, ignoring scancode.(e0)
00912284000i[KBD   ] internal keyboard buffer full, ignoring scancode.(5b)
00920764000i[KBD   ] internal keyboard buffer full, ignoring scancode.(e0)
00920764000i[KBD   ] internal keyboard buffer full, ignoring scancode.(5b)
00928908000i[KBD   ] internal keyboard buffer full, ignoring scancode.(e0)
00928908000i[KBD   ] internal keyboard buffer full, ignoring scancode.(5b)
00936928000i[KBD   ] internal keyboard buffer full, ignoring scancode.(e0)
00936928000i[KBD   ] internal keyboard buffer full, ignoring scancode.(5b)
00939128000i[SDL   ] system RESET callback
00939128000i[SYS   ] bx_pc_system_c::Reset(HARDWARE) called
00939128000i[CPU0  ] cpu hardware reset
00939128000i[APIC0 ] allocate APIC id=0 (MMIO enabled) to 0x0000fee00000
00939128000i[CPU0  ] CPU[0] is the bootstrap processor
00939128000i[CPU0  ] CPUID[0x00000000]: 00000005 68747541 444d4163 69746e65
00939128000i[CPU0  ] CPUID[0x00000001]: 00000633 00010800 00002008 17cbfbff
00939128000i[CPU0  ] CPUID[0x00000002]: 00000000 00000000 00000000 00000000
00939128000i[CPU0  ] CPUID[0x00000003]: 00000000 00000000 00000000 00000000
00939128000i[CPU0  ] CPUID[0x00000004]: 00000000 00000000 00000000 00000000
00939128000i[CPU0  ] CPUID[0x00000005]: 00000040 00000040 00000003 00000020
00939128000i[CPU0  ] CPUID[0x80000000]: 80000008 68747541 444d4163 69746e65
00939128000i[CPU0  ] CPUID[0x80000001]: 00000633 00000000 00000101 ebd3f3ff
00939128000i[CPU0  ] CPUID[0x80000002]: 20444d41 6c687441 74286e6f 7020296d
00939128000i[CPU0  ] CPUID[0x80000003]: 65636f72 726f7373 00000000 00000000
00939128000i[CPU0  ] CPUID[0x80000004]: 00000000 00000000 00000000 00000000
00939128000i[CPU0  ] CPUID[0x80000005]: 01ff01ff 01ff01ff 40020140 40020140
00939128000i[CPU0  ] CPUID[0x80000006]: 00000000 42004200 02008140 00000000
00939128000i[CPU0  ] CPUID[0x80000007]: 00000000 00000000 00000000 00000000
00939128000i[CPU0  ] CPUID[0x80000008]: 00003028 00000000 00000000 00000000
00939128000i[CPU0  ] CPU Features supported:
00939128000i[CPU0  ] 		x87
00939128000i[CPU0  ] 		486ni
00939128000i[CPU0  ] 		pentium_ni
00939128000i[CPU0  ] 		p6ni
00939128000i[CPU0  ] 		mmx
00939128000i[CPU0  ] 		3dnow!
00939128000i[CPU0  ] 		debugext
00939128000i[CPU0  ] 		vme
00939128000i[CPU0  ] 		pse
00939128000i[CPU0  ] 		pae
00939128000i[CPU0  ] 		pge
00939128000i[CPU0  ] 		pse36
00939128000i[CPU0  ] 		mtrr
00939128000i[CPU0  ] 		pat
00939128000i[CPU0  ] 		sysenter_sysexit
00939128000i[CPU0  ] 		clflush
00939128000i[CPU0  ] 		sse
00939128000i[CPU0  ] 		sse2
00939128000i[CPU0  ] 		mwait
00939128000i[CPU0  ] 		longmode
00939128000i[CPU0  ] 		lm_lahf_sahf
00939128000i[CPU0  ] 		nx
00939128000i[CPU0  ] 		cmpxhg16b
00939128000i[CPU0  ] 		rdtscp
00939128000i[CPU0  ] 		ffxsr
00939128000i[CPU0  ] 		xapic
00939128000i[PLUGIN] reset of 'pci' plugin device by virtual method
00939128000i[PLUGIN] reset of 'pci2isa' plugin device by virtual method
00939128000i[PLUGIN] reset of 'cmos' plugin device by virtual method
00939128000i[PLUGIN] reset of 'dma' plugin device by virtual method
00939128000i[PLUGIN] reset of 'pic' plugin device by virtual method
00939128000i[PLUGIN] reset of 'pit' plugin device by virtual method
00939128000i[PLUGIN] reset of 'vga' plugin device by virtual method
00939128000i[PLUGIN] reset of 'floppy' plugin device by virtual method
00939128000i[PLUGIN] reset of 'acpi' plugin device by virtual method
00939128000i[PLUGIN] reset of 'hpet' plugin device by virtual method
00939128000i[PLUGIN] reset of 'ioapic' plugin device by virtual method
00939128000i[PLUGIN] reset of 'keyboard' plugin device by virtual method
00939128000i[PLUGIN] reset of 'harddrv' plugin device by virtual method
00939128000i[PLUGIN] reset of 'pci_ide' plugin device by virtual method
00939128000i[PLUGIN] reset of 'unmapped' plugin device by virtual method
00939128000i[PLUGIN] reset of 'biosdev' plugin device by virtual method
00939128000i[PLUGIN] reset of 'speaker' plugin device by virtual method
00939128000i[PLUGIN] reset of 'extfpuirq' plugin device by virtual method
00939128000i[PLUGIN] reset of 'parallel' plugin device by virtual method
00939128000i[PLUGIN] reset of 'serial' plugin device by virtual method
00939128000i[PLUGIN] reset of 'iodebug' plugin device by virtual method
00939128000i[PLUGIN] reset of 'usb_uhci' plugin device by virtual method
00939128000i[KBD   ] internal keyboard buffer full, ignoring scancode.(e0)
00939128000i[KBD   ] internal keyboard buffer full, ignoring scancode.(db)
00939128596e[DEV   ] read from port 0x0000 with len 2 returns 0xffff
00945420000i[KBD   ] internal keyboard buffer full, ignoring scancode.(e0)
00945420000i[KBD   ] internal keyboard buffer full, ignoring scancode.(5b)
00954104000i[KBD   ] internal keyboard buffer full, ignoring scancode.(e0)
00954104000i[KBD   ] internal keyboard buffer full, ignoring scancode.(5b)
00962380000i[KBD   ] internal keyboard buffer full, ignoring scancode.(e0)
00962380000i[KBD   ] internal keyboard buffer full, ignoring scancode.(5b)
00970864000i[KBD   ] internal keyboard buffer full, ignoring scancode.(e0)
00970864000i[KBD   ] internal keyboard buffer full, ignoring scancode.(5b)
00979344000i[KBD   ] internal keyboard buffer full, ignoring scancode.(e0)
00979344000i[KBD   ] internal keyboard buffer full, ignoring scancode.(5b)
00987708000i[KBD   ] internal keyboard buffer full, ignoring scancode.(e0)
00987708000i[KBD   ] internal keyboard buffer full, ignoring scancode.(5b)
00996004000i[KBD   ] internal keyboard buffer full, ignoring scancode.(e0)
00996004000i[KBD   ] internal keyboard buffer full, ignoring scancode.(5b)
01004420000i[KBD   ] internal keyboard buffer full, ignoring scancode.(e0)
01004420000i[KBD   ] internal keyboard buffer full, ignoring scancode.(5b)
01012708000i[KBD   ] internal keyboard buffer full, ignoring scancode.(e0)
01012708000i[KBD   ] internal keyboard buffer full, ignoring scancode.(5b)
01021140000i[KBD   ] internal keyboard buffer full, ignoring scancode.(e0)
01021140000i[KBD   ] internal keyboard buffer full, ignoring scancode.(5b)
01029648000i[KBD   ] internal keyboard buffer full, ignoring scancode.(e0)
01029648000i[KBD   ] internal keyboard buffer full, ignoring scancode.(5b)
01038168000i[KBD   ] internal keyboard buffer full, ignoring scancode.(e0)
01038168000i[KBD   ] internal keyboard buffer full, ignoring scancode.(5b)
01046492000i[KBD   ] internal keyboard buffer full, ignoring scancode.(e0)
01046492000i[KBD   ] internal keyboard buffer full, ignoring scancode.(5b)
01054956000i[KBD   ] internal keyboard buffer full, ignoring scancode.(e0)
01054956000i[KBD   ] internal keyboard buffer full, ignoring scancode.(5b)
01063404000i[KBD   ] internal keyboard buffer full, ignoring scancode.(e0)
01063404000i[KBD   ] internal keyboard buffer full, ignoring scancode.(5b)
01071772000i[KBD   ] internal keyboard buffer full, ignoring scancode.(e0)
01071772000i[KBD   ] internal keyboard buffer full, ignoring scancode.(5b)
01080248000i[KBD   ] internal keyboard buffer full, ignoring scancode.(e0)
01080248000i[KBD   ] internal keyboard buffer full, ignoring scancode.(5b)
01086732000i[SDL   ] system RESET callback
01086732000i[SYS   ] bx_pc_system_c::Reset(HARDWARE) called
01086732000i[CPU0  ] cpu hardware reset
01086732000i[APIC0 ] allocate APIC id=0 (MMIO enabled) to 0x0000fee00000
01086732000i[CPU0  ] CPU[0] is the bootstrap processor
01086732000i[CPU0  ] CPUID[0x00000000]: 00000005 68747541 444d4163 69746e65
01086732000i[CPU0  ] CPUID[0x00000001]: 00000633 00010800 00002008 17cbfbff
01086732000i[CPU0  ] CPUID[0x00000002]: 00000000 00000000 00000000 00000000
01086732000i[CPU0  ] CPUID[0x00000003]: 00000000 00000000 00000000 00000000
01086732000i[CPU0  ] CPUID[0x00000004]: 00000000 00000000 00000000 00000000
01086732000i[CPU0  ] CPUID[0x00000005]: 00000040 00000040 00000003 00000020
01086732000i[CPU0  ] CPUID[0x80000000]: 80000008 68747541 444d4163 69746e65
01086732000i[CPU0  ] CPUID[0x80000001]: 00000633 00000000 00000101 ebd3f3ff
01086732000i[CPU0  ] CPUID[0x80000002]: 20444d41 6c687441 74286e6f 7020296d
01086732000i[CPU0  ] CPUID[0x80000003]: 65636f72 726f7373 00000000 00000000
01086732000i[CPU0  ] CPUID[0x80000004]: 00000000 00000000 00000000 00000000
01086732000i[CPU0  ] CPUID[0x80000005]: 01ff01ff 01ff01ff 40020140 40020140
01086732000i[CPU0  ] CPUID[0x80000006]: 00000000 42004200 02008140 00000000
01086732000i[CPU0  ] CPUID[0x80000007]: 00000000 00000000 00000000 00000000
01086732000i[CPU0  ] CPUID[0x80000008]: 00003028 00000000 00000000 00000000
01086732000i[CPU0  ] CPU Features supported:
01086732000i[CPU0  ] 		x87
01086732000i[CPU0  ] 		486ni
01086732000i[CPU0  ] 		pentium_ni
01086732000i[CPU0  ] 		p6ni
01086732000i[CPU0  ] 		mmx
01086732000i[CPU0  ] 		3dnow!
01086732000i[CPU0  ] 		debugext
01086732000i[CPU0  ] 		vme
01086732000i[CPU0  ] 		pse
01086732000i[CPU0  ] 		pae
01086732000i[CPU0  ] 		pge
01086732000i[CPU0  ] 		pse36
01086732000i[CPU0  ] 		mtrr
01086732000i[CPU0  ] 		pat
01086732000i[CPU0  ] 		sysenter_sysexit
01086732000i[CPU0  ] 		clflush
01086732000i[CPU0  ] 		sse
01086732000i[CPU0  ] 		sse2
01086732000i[CPU0  ] 		mwait
01086732000i[CPU0  ] 		longmode
01086732000i[CPU0  ] 		lm_lahf_sahf
01086732000i[CPU0  ] 		nx
01086732000i[CPU0  ] 		cmpxhg16b
01086732000i[CPU0  ] 		rdtscp
01086732000i[CPU0  ] 		ffxsr
01086732000i[CPU0  ] 		xapic
01086732000i[PLUGIN] reset of 'pci' plugin device by virtual method
01086732000i[PLUGIN] reset of 'pci2isa' plugin device by virtual method
01086732000i[PLUGIN] reset of 'cmos' plugin device by virtual method
01086732000i[PLUGIN] reset of 'dma' plugin device by virtual method
01086732000i[PLUGIN] reset of 'pic' plugin device by virtual method
01086732000i[PLUGIN] reset of 'pit' plugin device by virtual method
01086732000i[PLUGIN] reset of 'vga' plugin device by virtual method
01086732000i[PLUGIN] reset of 'floppy' plugin device by virtual method
01086732000i[PLUGIN] reset of 'acpi' plugin device by virtual method
01086732000i[PLUGIN] reset of 'hpet' plugin device by virtual method
01086732000i[PLUGIN] reset of 'ioapic' plugin device by virtual method
01086732000i[PLUGIN] reset of 'keyboard' plugin device by virtual method
01086732000i[PLUGIN] reset of 'harddrv' plugin device by virtual method
01086732000i[PLUGIN] reset of 'pci_ide' plugin device by virtual method
01086732000i[PLUGIN] reset of 'unmapped' plugin device by virtual method
01086732000i[PLUGIN] reset of 'biosdev' plugin device by virtual method
01086732000i[PLUGIN] reset of 'speaker' plugin device by virtual method
01086732000i[PLUGIN] reset of 'extfpuirq' plugin device by virtual method
01086732000i[PLUGIN] reset of 'parallel' plugin device by virtual method
01086732000i[PLUGIN] reset of 'serial' plugin device by virtual method
01086732000i[PLUGIN] reset of 'iodebug' plugin device by virtual method
01086732000i[PLUGIN] reset of 'usb_uhci' plugin device by virtual method
01086732000i[KBD   ] internal keyboard buffer full, ignoring scancode.(e0)
01086732000i[KBD   ] internal keyboard buffer full, ignoring scancode.(db)
01086732596e[DEV   ] read from port 0x0000 with len 2 returns 0xffff
01088676000i[KBD   ] internal keyboard buffer full, ignoring scancode.(e0)
01088676000i[KBD   ] internal keyboard buffer full, ignoring scancode.(5b)
01096992000i[KBD   ] internal keyboard buffer full, ignoring scancode.(e0)
01096992000i[KBD   ] internal keyboard buffer full, ignoring scancode.(5b)
01105508000i[KBD   ] internal keyboard buffer full, ignoring scancode.(e0)
01105508000i[KBD   ] internal keyboard buffer full, ignoring scancode.(5b)
01113988000i[KBD   ] internal keyboard buffer full, ignoring scancode.(e0)
01113988000i[KBD   ] internal keyboard buffer full, ignoring scancode.(5b)
01122292000i[KBD   ] internal keyboard buffer full, ignoring scancode.(e0)
01122292000i[KBD   ] internal keyboard buffer full, ignoring scancode.(5b)
01130792000i[KBD   ] internal keyboard buffer full, ignoring scancode.(e0)
01130792000i[KBD   ] internal keyboard buffer full, ignoring scancode.(5b)
01139140000i[KBD   ] internal keyboard buffer full, ignoring scancode.(e0)
01139140000i[KBD   ] internal keyboard buffer full, ignoring scancode.(5b)
01147396000i[KBD   ] internal keyboard buffer full, ignoring scancode.(e0)
01147396000i[KBD   ] internal keyboard buffer full, ignoring scancode.(5b)
01155136000i[KBD   ] internal keyboard buffer full, ignoring scancode.(e0)
01155136000i[KBD   ] internal keyboard buffer full, ignoring scancode.(5b)
01163412000i[KBD   ] internal keyboard buffer full, ignoring scancode.(e0)
01163412000i[KBD   ] internal keyboard buffer full, ignoring scancode.(5b)
01171812000i[KBD   ] internal keyboard buffer full, ignoring scancode.(e0)
01171812000i[KBD   ] internal keyboard buffer full, ignoring scancode.(5b)
01180044000i[KBD   ] internal keyboard buffer full, ignoring scancode.(e0)
01180044000i[KBD   ] internal keyboard buffer full, ignoring scancode.(5b)
01188528000i[KBD   ] internal keyboard buffer full, ignoring scancode.(e0)
01188528000i[KBD   ] internal keyboard buffer full, ignoring scancode.(5b)
01197036000i[KBD   ] internal keyboard buffer full, ignoring scancode.(e0)
01197036000i[KBD   ] internal keyboard buffer full, ignoring scancode.(5b)
01205428000i[KBD   ] internal keyboard buffer full, ignoring scancode.(e0)
01205428000i[KBD   ] internal keyboard buffer full, ignoring scancode.(5b)
01211376000i[KBD   ] internal keyboard buffer full, ignoring scancode.(9c)
01439132000p[SDL   ] >>PANIC<< POWER button turned off.
01439132000i[CPU0  ] CPU is in real mode (active)
01439132000i[CPU0  ] CS.mode = 16 bit
01439132000i[CPU0  ] SS.mode = 16 bit
01439132000i[CPU0  ] EFER   = 0x00000000
01439132000i[CPU0  ] | EAX=0000361c  EBX=00000005  ECX=000000b2  EDX=00000505
01439132000i[CPU0  ] | ESP=0000fff6  EBP=00004fa6  ESI=00000000  EDI=0000045a
01439132000i[CPU0  ] | IOPL=0 id vip vif ac vm rf nt of df if tf sf zf af pf cf
01439132000i[CPU0  ] | SEG sltr(index|ti|rpl)     base    limit G D
01439132000i[CPU0  ] |  CS:0005( 1e00| 0|  0) 00000050 0000ffff 0 0
01439132000i[CPU0  ] |  DS:0000( 0000| 0|  0) 00000000 0000ffff 0 0
01439132000i[CPU0  ] |  SS:0000( 0000| 0|  0) 00000000 0000ffff 0 0
01439132000i[CPU0  ] |  ES:0000( 0000| 0|  0) 00000000 0000ffff 0 0
01439132000i[CPU0  ] |  FS:0000( 0000| 0|  0) 00000000 0000ffff 0 0
01439132000i[CPU0  ] |  GS:0000( 0000| 0|  0) 00000000 0000ffff 0 0
01439132000i[CPU0  ] | EIP=00002148 (00002148)
01439132000i[CPU0  ] | CR0=0x60000010 CR2=0x00000000
01439132000i[CPU0  ] | CR3=0x00000000 CR4=0x00000000
01439132000i[CMOS  ] Last time is 1748039148 (Fri May 23 18:25:48 2025)
01439132000i[SIM   ] quit_sim called with exit code 1
